ERROR - 2023-10-05 06:10:21 --> mysqli_sql_exception: Table 'itc.table_sections' doesn't exist in C:\laragon\www\Itc3f2-lab1\system\Database\MySQLi\Connection.php:306
Stack trace:
#0 C:\laragon\www\Itc3f2-lab1\system\Database\MySQLi\Connection.php(306): mysqli->query('SELECT *\nFROM `...', 0)
#1 C:\laragon\www\Itc3f2-lab1\system\Database\BaseConnection.php(692): CodeIgniter\Database\MySQLi\Connection->execute('SELECT *\nFROM `...')
#2 C:\laragon\www\Itc3f2-lab1\system\Database\BaseConnection.php(606): CodeIgniter\Database\BaseConnection->simpleQuery('SELECT *\nFROM `...')
#3 C:\laragon\www\Itc3f2-lab1\system\Database\BaseBuilder.php(1615): CodeIgniter\Database\BaseConnection->query('SELECT *\nFROM `...', Array, false)
#4 C:\laragon\www\Itc3f2-lab1\system\Model.php(264): CodeIgniter\Database\BaseBuilder->get()
#5 C:\laragon\www\Itc3f2-lab1\system\BaseModel.php(662): CodeIgniter\Model->doFirst()
#6 C:\laragon\www\Itc3f2-lab1\app\Controllers\MainController.php(68): CodeIgniter\BaseModel->first()
#7 C:\laragon\www\Itc3f2-lab1\system\CodeIgniter.php(919): App\Controllers\MainController->save()
#8 C:\laragon\www\Itc3f2-lab1\system\CodeIgniter.php(494): CodeIgniter\CodeIgniter->runController(Object(App\Controllers\MainController))
#9 C:\laragon\www\Itc3f2-lab1\system\CodeIgniter.php(353): CodeIgniter\CodeIgniter->handleRequest(NULL, Object(Config\Cache), false)
#10 C:\laragon\www\Itc3f2-lab1\public\index.php(79): CodeIgniter\CodeIgniter->run()
#11 C:\laragon\www\Itc3f2-lab1\system\Commands\Server\rewrite.php(47): require_once('C:\\laragon\\www\\...')
#12 {main}
CRITICAL - 2023-10-05 06:10:21 --> Table 'itc.table_sections' doesn't exist
in SYSTEMPATH\Database\BaseConnection.php on line 646.
 1 SYSTEMPATH\Database\BaseBuilder.php(1615): CodeIgniter\Database\BaseConnection->query('SELECT *
FROM `table_sections`
WHERE `Section` = :Section:
 LIMIT 1', [...], false)
 2 SYSTEMPATH\Model.php(264): CodeIgniter\Database\BaseBuilder->get()
 3 SYSTEMPATH\BaseModel.php(662): CodeIgniter\Model->doFirst()
 4 APPPATH\Controllers\MainController.php(68): CodeIgniter\BaseModel->first()
 5 SYSTEMPATH\CodeIgniter.php(919): App\Controllers\MainController->save()
 6 SYSTEMPATH\CodeIgniter.php(494): CodeIgniter\CodeIgniter->runController(Object(App\Controllers\MainController))
 7 SYSTEMPATH\CodeIgniter.php(353): CodeIgniter\CodeIgniter->handleRequest(null, Object(Config\Cache), false)
 8 FCPATH\index.php(79): CodeIgniter\CodeIgniter->run()
 9 SYSTEMPATH\Commands\Server\rewrite.php(47): require_once('C:\\laragon\\www\\Itc3f2-lab1\\public\\index.php')
